mode: set
github.com/LCobham/awesome-api/main.go:13.13,15.44 2 0
github.com/LCobham/awesome-api/main.go:15.44,17.4 1 0
github.com/LCobham/awesome-api/main.go:18.3,21.58 2 0
github.com/LCobham/awesome-api/main.go:24.32,38.2 6 1
github.com/LCobham/awesome-api/main.go:40.65,48.2 2 1
github.com/LCobham/awesome-api/main.go:50.59,58.26 4 1
github.com/LCobham/awesome-api/main.go:59.13,61.22 1 1
github.com/LCobham/awesome-api/main.go:62.14,64.28 1 1
github.com/LCobham/awesome-api/main.go:68.3,68.17 1 1
github.com/LCobham/awesome-api/main.go:68.17,71.4 2 1
github.com/LCobham/awesome-api/main.go:74.3,77.57 2 1
